<?xml version="1.0" encoding="UTF-8"?>
<!-- Generated by org.testng.reporters.JUnitReportReporter -->
<testsuite skipped="0" hostname="Jens-MacBook-Pro.local" name="testcases.LoginTestcase" tests="1" failures="0" timestamp="02 Aug 2021 01:46:22 GMT" time="5.557" errors="0">
  <testcase name="doLoginTest" time="5.557" classname="testcases.LoginTestcase"/>
</testsuite> <!-- testcases.LoginTestcase -->
